Using pre-set license
Built from '2020.3/staging' branch; Version is '2020.3.19f1 (68f137dc9bbe) revision 6877495'; Using compiler version '192528614'; Build Type 'Release'
OS: 'Windows 10 Pro; OS build 19043.1237; Version 2009; 64bit' Language: 'en' Physical Memory: 16330 MB
BatchMode: 1, IsHumanControllingUs: 0, StartBugReporterOnCrash: 0, Is64bit: 1, IsPro: 0

COMMAND LINE ARGUMENTS:
C:\Program Files\Unity\Hub\Editor\2020.3.19f1\Editor\Unity.exe
-adb2
-batchMode
-noUpm
-name
AssetImportWorker0
-projectPath
D:/Project/example/School Project
-logFile
Logs/AssetImportWorker0.log
-srvPort
55504
Successfully changed project path to: D:/Project/example/School Project
D:/Project/example/School Project
Using Asset Import Pipeline V2.
Refreshing native plugins compatible for Editor in 25.02 ms, found 2 plugins.
Preloading 0 native plugins for Editor in 0.00 ms.
Initialize engine version: 2020.3.19f1 (68f137dc9bbe)
[Subsystems] Discovering subsystems at path C:/Program Files/Unity/Hub/Editor/2020.3.19f1/Editor/Data/Resources/UnitySubsystems
[Subsystems] Discovering subsystems at path D:/Project/example/School Project/Assets
GfxDevice: creating device client; threaded=0
Direct3D:
    Version:  Direct3D 11.0 [level 11.1]
    Renderer: NVIDIA GeForce RTX 3060 Ti (ID=0x2486)
    Vendor:   
    VRAM:     8050 MB
    Driver:   27.21.14.5751
Initialize mono
Mono path[0] = 'C:/Program Files/Unity/Hub/Editor/2020.3.19f1/Editor/Data/Managed'
Mono path[1] = 'C:/Program Files/Unity/Hub/Editor/2020.3.19f1/Editor/Data/MonoBleedingEdge/lib/mono/unityjit'
Mono config path = 'C:/Program Files/Unity/Hub/Editor/2020.3.19f1/Editor/Data/MonoBleedingEdge/etc'
Using monoOptions --debugger-agent=transport=dt_socket,embedding=1,server=y,suspend=n,address=127.0.0.1:56636
Begin MonoManager ReloadAssembly
Registering precompiled unity dll's ...
Register platform support module: C:/Program Files/Unity/Hub/Editor/2020.3.19f1/Editor/Data/PlaybackEngines/WindowsStandaloneSupport/UnityEditor.WindowsStandalone.Extensions.dll
Registered in 0.001730 seconds.
Native extension for WindowsStandalone target not found
Refreshing native plugins compatible for Editor in 27.43 ms, found 2 plugins.
Preloading 0 native plugins for Editor in 0.00 ms.
Mono: successfully reloaded assembly
- Completed reload, in  0.961 seconds
Domain Reload Profiling:
	ReloadAssembly (962ms)
		BeginReloadAssembly (46ms)
			ExecutionOrderSort (0ms)
			DisableScriptedObjects (0ms)
			BackupInstance (0ms)
			ReleaseScriptingObjects (0ms)
			CreateAndSetChildDomain (1ms)
		EndReloadAssembly (369ms)
			LoadAssemblies (44ms)
			RebuildTransferFunctionScriptingTraits (0ms)
			SetupTypeCache (130ms)
			ReleaseScriptCaches (0ms)
			RebuildScriptCaches (25ms)
			SetupLoadedEditorAssemblies (146ms)
				LogAssemblyErrors (0ms)
				InitializePlatformSupportModulesInManaged (3ms)
				SetLoadedEditorAssemblies (0ms)
				RefreshPlugins (27ms)
				BeforeProcessingInitializeOnLoad (8ms)
				ProcessInitializeOnLoadAttributes (82ms)
				ProcessInitializeOnLoadMethodAttributes (25ms)
				AfterProcessingInitializeOnLoad (0ms)
				EditorAssembliesLoaded (0ms)
			ExecutionOrderSort2 (0ms)
			AwakeInstancesAfterBackupRestoration (0ms)
Platform modules already initialized, skipping
Registering precompiled user dll's ...
Registered in 0.001674 seconds.
Begin MonoManager ReloadAssembly
Native extension for WindowsStandalone target not found
Refreshing native plugins compatible for Editor in 0.30 ms, found 2 plugins.
Preloading 0 native plugins for Editor in 0.00 ms.
Mono: successfully reloaded assembly
- Completed reload, in  0.829 seconds
Domain Reload Profiling:
	ReloadAssembly (830ms)
		BeginReloadAssembly (126ms)
			ExecutionOrderSort (0ms)
			DisableScriptedObjects (4ms)
			BackupInstance (0ms)
			ReleaseScriptingObjects (0ms)
			CreateAndSetChildDomain (17ms)
		EndReloadAssembly (648ms)
			LoadAssemblies (69ms)
			RebuildTransferFunctionScriptingTraits (0ms)
			SetupTypeCache (223ms)
			ReleaseScriptCaches (0ms)
			RebuildScriptCaches (35ms)
			SetupLoadedEditorAssemblies (241ms)
				LogAssemblyErrors (0ms)
				InitializePlatformSupportModulesInManaged (4ms)
				SetLoadedEditorAssemblies (0ms)
				RefreshPlugins (0ms)
				BeforeProcessingInitializeOnLoad (46ms)
				ProcessInitializeOnLoadAttributes (180ms)
				ProcessInitializeOnLoadMethodAttributes (4ms)
				AfterProcessingInitializeOnLoad (6ms)
				EditorAssembliesLoaded (0ms)
			ExecutionOrderSort2 (0ms)
			AwakeInstancesAfterBackupRestoration (6ms)
Platform modules already initialized, skipping
========================================================================
Worker process is ready to serve import requests
Launched and connected shader compiler UnityShaderCompiler.exe after 0.05 seconds
Refreshing native plugins compatible for Editor in 0.29 ms, found 2 plugins.
Preloading 0 native plugins for Editor in 0.00 ms.
Unloading 1398 Unused Serialized files (Serialized files now loaded: 0)
System memory in use before: 64.9 MB.
System memory in use after: 64.9 MB.

Unloading 16 unused Assets to reduce memory usage. Loaded Objects now: 1832.
Total: 2.480000 ms (FindLiveObjects: 0.121900 ms CreateObjectMapping: 0.031500 ms MarkObjects: 2.267800 ms  DeleteObjects: 0.058000 ms)

AssetImportParameters requested are different than current active one (requested -> active):
  custom:framework-win-MediaFoundation: 216162199b28c13a410421893ffa2e32 -> 
  custom:video-decoder-ogg-theora: a1e56fd34408186e4bbccfd4996cb3dc -> 
  custom:container-muxer-webm: aa71ff27fc2769a1b78a27578f13a17b -> 
  custom:container-demuxer-webm: 4f35f7cbe854078d1ac9338744f61a02 -> 
  custom:container-demuxer-ogg: 62fdf1f143b41e24485cea50d1cbac27 -> 
  custom:video-encoder-webm-vp8: eb34c28f22e8b96e1ab97ce403110664 -> 
  custom:video-decoder-webm-vp8: 9c59270c3fd7afecdb556c50c9e8de78 -> 
  custom:audio-decoder-ogg-vorbis: bf7c407c2cedff20999df2af8eb42d56 -> 
  custom:audio-encoder-webm-vorbis: bf7c407c2cedff20999df2af8eb42d56 -> 
========================================================================
Received Import Request.
  path: Assets/location.fbx
  artifactKey: Guid(10e0a5461df1b5d44b6c3d66a71c3028) Importer(815301076,1909f56bfc062723c751e8b465ee728b)
Start importing Assets/location.fbx using Guid(10e0a5461df1b5d44b6c3d66a71c3028) Importer(815301076,1909f56bfc062723c751e8b465ee728b)  -> (artifact id: 'ea80550bf5e443069d9ba3890ae91654') in 1.397204 seconds 
  Import took 1.402818 seconds .

========================================================================
Received Import Request.
  Time since last request: 423.088611 seconds.
  path: Assets/location.fbx
  artifactKey: Guid(10e0a5461df1b5d44b6c3d66a71c3028) Importer(815301076,1909f56bfc062723c751e8b465ee728b)
Start importing Assets/location.fbx using Guid(10e0a5461df1b5d44b6c3d66a71c3028) Importer(815301076,1909f56bfc062723c751e8b465ee728b)  -> (artifact id: 'b0bdcc9c4d9b2dd751d706071608181a') in 1.276183 seconds 
  Import took 1.281727 seconds .

========================================================================
Received Import Request.
  Time since last request: 45.404867 seconds.
  path: Assets/location.fbx
  artifactKey: Guid(10e0a5461df1b5d44b6c3d66a71c3028) Importer(815301076,1909f56bfc062723c751e8b465ee728b)
Start importing Assets/location.fbx using Guid(10e0a5461df1b5d44b6c3d66a71c3028) Importer(815301076,1909f56bfc062723c751e8b465ee728b)  -> (artifact id: '3a5f3b48bf5c149d70e2ea568e569c73') in 1.461112 seconds 
  Import took 1.466965 seconds .

========================================================================
Received Import Request.
  Time since last request: 66.645026 seconds.
  path: Assets/basketball-court-floor-with-line-on-wood-texture-background_64749-2682.jpg
  artifactKey: Guid(87751d3a27a2ff746a1164065bb8ac03) Importer(815301076,1909f56bfc062723c751e8b465ee728b)
Start importing Assets/basketball-court-floor-with-line-on-wood-texture-background_64749-2682.jpg using Guid(87751d3a27a2ff746a1164065bb8ac03) Importer(815301076,1909f56bfc062723c751e8b465ee728b)  -> (artifact id: 'e0312605d484befdb8c22dcc16a1b026') in 0.021545 seconds 
  Import took 0.023841 seconds .

========================================================================
Received Import Request.
  Time since last request: 29.641827 seconds.
  path: Assets/location.fbx
  artifactKey: Guid(10e0a5461df1b5d44b6c3d66a71c3028) Importer(815301076,1909f56bfc062723c751e8b465ee728b)
Start importing Assets/location.fbx using Guid(10e0a5461df1b5d44b6c3d66a71c3028) Importer(815301076,1909f56bfc062723c751e8b465ee728b)  -> (artifact id: '507b0a82882cd1a30f88f4fc9d7be6aa') in 1.257390 seconds 
  Import took 1.262816 seconds .

========================================================================
Received Prepare
Registering precompiled user dll's ...
Registered in 0.001566 seconds.
Begin MonoManager ReloadAssembly
Native extension for WindowsStandalone target not found
Refreshing native plugins compatible for Editor in 0.30 ms, found 2 plugins.
Preloading 0 native plugins for Editor in 0.00 ms.
Mono: successfully reloaded assembly
- Completed reload, in  0.782 seconds
Domain Reload Profiling:
	ReloadAssembly (782ms)
		BeginReloadAssembly (103ms)
			ExecutionOrderSort (0ms)
			DisableScriptedObjects (3ms)
			BackupInstance (0ms)
			ReleaseScriptingObjects (0ms)
			CreateAndSetChildDomain (28ms)
		EndReloadAssembly (620ms)
			LoadAssemblies (69ms)
			RebuildTransferFunctionScriptingTraits (0ms)
			SetupTypeCache (219ms)
			ReleaseScriptCaches (1ms)
			RebuildScriptCaches (31ms)
			SetupLoadedEditorAssemblies (214ms)
				LogAssemblyErrors (0ms)
				InitializePlatformSupportModulesInManaged (4ms)
				SetLoadedEditorAssemblies (0ms)
				RefreshPlugins (0ms)
				BeforeProcessingInitializeOnLoad (38ms)
				ProcessInitializeOnLoadAttributes (163ms)
				ProcessInitializeOnLoadMethodAttributes (3ms)
				AfterProcessingInitializeOnLoad (5ms)
				EditorAssembliesLoaded (0ms)
			ExecutionOrderSort2 (0ms)
			AwakeInstancesAfterBackupRestoration (6ms)
Platform modules already initialized, skipping
Switching build target platform(19) subTarget(0) extendedPlatform(0) -> platform(21) subTarget(0) extendedPlatform(0)
Refreshing native plugins compatible for Editor in 0.30 ms, found 2 plugins.
Preloading 0 native plugins for Editor in 0.00 ms.
Unloading 1395 Unused Serialized files (Serialized files now loaded: 0)
System memory in use before: 70.2 MB.
System memory in use after: 70.3 MB.

Unloading 11 unused Assets to reduce memory usage. Loaded Objects now: 1878.
Total: 2.313100 ms (FindLiveObjects: 0.130300 ms CreateObjectMapping: 0.031700 ms MarkObjects: 2.136500 ms  DeleteObjects: 0.013200 ms)

AssetImportParameters requested are different than current active one (requested -> active):
  custom:framework-win-MediaFoundation: 216162199b28c13a410421893ffa2e32 -> 
  custom:video-decoder-ogg-theora: a1e56fd34408186e4bbccfd4996cb3dc -> 
  custom:container-muxer-webm: aa71ff27fc2769a1b78a27578f13a17b -> 
  custom:container-demuxer-webm: 4f35f7cbe854078d1ac9338744f61a02 -> 
  custom:container-demuxer-ogg: 62fdf1f143b41e24485cea50d1cbac27 -> 
  custom:video-encoder-webm-vp8: eb34c28f22e8b96e1ab97ce403110664 -> 
  custom:video-decoder-webm-vp8: 9c59270c3fd7afecdb556c50c9e8de78 -> 
  custom:audio-decoder-ogg-vorbis: bf7c407c2cedff20999df2af8eb42d56 -> 
  custom:audio-encoder-webm-vorbis: bf7c407c2cedff20999df2af8eb42d56 -> 
========================================================================
Received Import Request.
  Time since last request: 296.435853 seconds.
  path: Assets/5578b6b40cc7788d146c7d9b3c401156.jpg
  artifactKey: Guid(12bb418ec4d12f9478e45cff2f4e2567) Importer(815301076,1909f56bfc062723c751e8b465ee728b)
Start importing Assets/5578b6b40cc7788d146c7d9b3c401156.jpg using Guid(12bb418ec4d12f9478e45cff2f4e2567) Importer(815301076,1909f56bfc062723c751e8b465ee728b)  -> (artifact id: 'a3616e3ea55d004db7a49984660a6e6d') in 0.040970 seconds 
  Import took 0.043443 seconds .

========================================================================
Received Import Request.
  Time since last request: 0.000184 seconds.
  path: Assets/linoleum-grabo--stamina-3338-00-273-oranzhevyy-tim0.jpg
  artifactKey: Guid(3d7370fa97973864892b146034450f54) Importer(815301076,1909f56bfc062723c751e8b465ee728b)
Start importing Assets/linoleum-grabo--stamina-3338-00-273-oranzhevyy-tim0.jpg using Guid(3d7370fa97973864892b146034450f54) Importer(815301076,1909f56bfc062723c751e8b465ee728b)  -> (artifact id: '586720bff74d7d98a3d919905f902eda') in 0.033327 seconds 
  Import took 0.035244 seconds .

========================================================================
Received Import Request.
  Time since last request: 18.362481 seconds.
  path: Assets/1618569187_44-funart_pro-p-oboi-fon-zhelto-oranzhevii-tsvet-45.jpg
  artifactKey: Guid(9fc07b0f31875094bbc9fb73fe55dc9c) Importer(815301076,1909f56bfc062723c751e8b465ee728b)
Start importing Assets/1618569187_44-funart_pro-p-oboi-fon-zhelto-oranzhevii-tsvet-45.jpg using Guid(9fc07b0f31875094bbc9fb73fe55dc9c) Importer(815301076,1909f56bfc062723c751e8b465ee728b)  -> (artifact id: 'aba12ed2f4c6f81b36f2b0bd4c1b35f0') in 0.014691 seconds 
  Import took 0.016927 seconds .

========================================================================
Received Import Request.
  Time since last request: 0.000168 seconds.
  path: Assets/images.jpg
  artifactKey: Guid(b7f4402c092257d41bac449e0d834df7) Importer(815301076,1909f56bfc062723c751e8b465ee728b)
Start importing Assets/images.jpg using Guid(b7f4402c092257d41bac449e0d834df7) Importer(815301076,1909f56bfc062723c751e8b465ee728b)  -> (artifact id: '98de15791555b819f243e99f16205bae') in 0.008997 seconds 
  Import took 0.010971 seconds .

========================================================================
Received Import Request.
  Time since last request: 0.000162 seconds.
  path: Assets/Blank.jpg
  artifactKey: Guid(de2fb2a041cbebf49b06f2d7206cbae2) Importer(815301076,1909f56bfc062723c751e8b465ee728b)
Start importing Assets/Blank.jpg using Guid(de2fb2a041cbebf49b06f2d7206cbae2) Importer(815301076,1909f56bfc062723c751e8b465ee728b)  -> (artifact id: '8db47df1ab9cd4be6667d665d5ce0f52') in 0.008782 seconds 
  Import took 0.010722 seconds .

AssetImportWorkerClient::OnTransportError - code=2 error=End of file
